<?xml version="1.0" encoding="utf-8"?><testsuites name="pytest tests"><testsuite name="pytest" errors="0" failures="1" skipped="0" tests="34" time="3.690" timestamp="2026-03-11T15:04:48.160381+00:00" hostname="agent-env-13797dd1-44fb-44bd-b3a1-9dd0ff2c19df"><testcase classname="backend.tests.test_box_manager_full.TestAuthRoutes" name="test_auth_check_endpoint" time="0.339" /><testcase classname="backend.tests.test_box_manager_full.TestAuthRoutes" name="test_password_disabled_by_default" time="0.070" /><testcase classname="backend.tests.test_box_manager_full.TestAuthRoutes" name="test_auth_verify_with_password_disabled" time="0.165" /><testcase classname="backend.tests.test_box_manager_full.TestAuthRoutes" name="test_get_auth_settings" time="0.064" /><testcase classname="backend.tests.test_box_manager_full.TestAuthRoutes" name="test_update_auth_settings" time="0.117" /><testcase classname="backend.tests.test_box_manager_full.TestCategoriesRoutes" name="test_get_categories_list" time="0.071" /><testcase classname="backend.tests.test_box_manager_full.TestCategoriesRoutes" name="test_create_category" time="0.060" /><testcase classname="backend.tests.test_box_manager_full.TestCategoriesRoutes" name="test_update_category" time="0.158" /><testcase classname="backend.tests.test_box_manager_full.TestCategoriesRoutes" name="test_delete_category" time="0.184" /><testcase classname="backend.tests.test_box_manager_full.TestBoxesRoutes" name="test_get_boxes_list" time="0.055" /><testcase classname="backend.tests.test_box_manager_full.TestBoxesRoutes" name="test_get_locations" time="0.066" /><testcase classname="backend.tests.test_box_manager_full.TestBoxesRoutes" name="test_create_box" time="0.101" /><testcase classname="backend.tests.test_box_manager_full.TestBoxesRoutes" name="test_get_box_by_id" time="0.130" /><testcase classname="backend.tests.test_box_manager_full.TestBoxesRoutes" name="test_update_box" time="0.060" /><testcase classname="backend.tests.test_box_manager_full.TestBoxesRoutes" name="test_filter_boxes_by_category" time="0.089" /><testcase classname="backend.tests.test_box_manager_full.TestBoxesRoutes" name="test_filter_boxes_by_location" time="0.062" /><testcase classname="backend.tests.test_box_manager_full.TestItemsRoutes" name="test_add_item_to_box" time="0.068" /><testcase classname="backend.tests.test_box_manager_full.TestItemsRoutes" name="test_add_second_item" time="0.065" /><testcase classname="backend.tests.test_box_manager_full.TestItemsRoutes" name="test_update_item" time="0.155" /><testcase classname="backend.tests.test_box_manager_full.TestItemsRoutes" name="test_delete_item" time="0.206" /><testcase classname="backend.tests.test_box_manager_full.TestSearchRoutes" name="test_search_items" time="0.060" /><testcase classname="backend.tests.test_box_manager_full.TestSearchRoutes" name="test_search_specific_item" time="0.061" /><testcase classname="backend.tests.test_box_manager_full.TestSearchRoutes" name="test_search_empty_query" time="0.058" /><testcase classname="backend.tests.test_box_manager_full.TestStatsRoutes" name="test_get_stats" time="0.059" /><testcase classname="backend.tests.test_box_manager_full.TestExportRoutes" name="test_export_csv_all" time="0.067" /><testcase classname="backend.tests.test_box_manager_full.TestExportRoutes" name="test_export_csv_filtered" time="0.072" /><testcase classname="backend.tests.test_box_manager_full.TestBackupRestoreRoutes" name="test_create_backup" time="0.056" /><testcase classname="backend.tests.test_box_manager_full.TestBackupRestoreRoutes" name="test_restore_invalid_file" time="0.063"><failure message="assert 422 == 400&#10; +  where 422 = &lt;Response [422]&gt;.status_code">backend/tests/test_box_manager_full.py:430: in test_restore_invalid_file
    assert response.status_code == 400
E   assert 422 == 400
E    +  where 422 = &lt;Response [422]&gt;.status_code</failure></testcase><testcase classname="backend.tests.test_box_manager_full.TestPasswordFlow" name="test_enable_password_and_verify" time="0.059" /><testcase classname="backend.tests.test_box_manager_full.TestPasswordFlow" name="test_master_password_reset" time="0.119" /><testcase classname="backend.tests.test_box_manager_full.TestPasswordFlow" name="test_master_password_wrong" time="0.070" /><testcase classname="backend.tests.test_box_manager_full.TestCleanup" name="test_cleanup_test_boxes" time="0.178" /><testcase classname="backend.tests.test_box_manager_full.TestCleanup" name="test_cleanup_test_categories" time="0.185" /><testcase classname="backend.tests.test_box_manager_full.TestCleanup" name="test_ensure_password_disabled" time="0.065" /></testsuite></testsuites>