<?xml version="1.0" encoding="utf-8"?><testsuites name="pytest tests"><testsuite name="pytest" errors="0" failures="0" skipped="0" tests="22" time="1.995" timestamp="2026-02-01T09:35:26.995037+00:00" hostname="agent-env-8edb354e-af81-40cb-973d-c486626e0fb8"><testcase classname="backend.tests.test_archivio_api.TestAuthEndpoints" name="test_api_root" time="0.065" /><testcase classname="backend.tests.test_archivio_api.TestAuthEndpoints" name="test_auth_check" time="0.041" /><testcase classname="backend.tests.test_archivio_api.TestAuthEndpoints" name="test_auth_verify_correct_password" time="0.043" /><testcase classname="backend.tests.test_archivio_api.TestAuthEndpoints" name="test_auth_verify_wrong_password" time="0.041" /><testcase classname="backend.tests.test_archivio_api.TestAuthEndpoints" name="test_auth_settings_get" time="0.040" /><testcase classname="backend.tests.test_archivio_api.TestAuthEndpoints" name="test_auth_settings_post" time="0.115" /><testcase classname="backend.tests.test_archivio_api.TestCategoriesEndpoints" name="test_get_categories" time="0.036" /><testcase classname="backend.tests.test_archivio_api.TestCategoriesEndpoints" name="test_create_category" time="0.080" /><testcase classname="backend.tests.test_archivio_api.TestCategoriesEndpoints" name="test_update_category" time="0.116" /><testcase classname="backend.tests.test_archivio_api.TestCategoriesEndpoints" name="test_delete_category" time="0.107" /><testcase classname="backend.tests.test_archivio_api.TestBoxesEndpoints" name="test_get_boxes" time="0.052" /><testcase classname="backend.tests.test_archivio_api.TestBoxesEndpoints" name="test_create_box" time="0.074" /><testcase classname="backend.tests.test_archivio_api.TestBoxesEndpoints" name="test_get_box_by_id" time="0.109" /><testcase classname="backend.tests.test_archivio_api.TestBoxesEndpoints" name="test_update_box" time="0.101" /><testcase classname="backend.tests.test_archivio_api.TestBoxesEndpoints" name="test_delete_box" time="0.078" /><testcase classname="backend.tests.test_archivio_api.TestItemsEndpoints" name="test_add_item_to_box" time="0.107" /><testcase classname="backend.tests.test_archivio_api.TestItemsEndpoints" name="test_update_item" time="0.181" /><testcase classname="backend.tests.test_archivio_api.TestItemsEndpoints" name="test_delete_item" time="0.156" /><testcase classname="backend.tests.test_archivio_api.TestSearchEndpoints" name="test_search_items" time="0.192" /><testcase classname="backend.tests.test_archivio_api.TestStatsEndpoints" name="test_get_stats" time="0.035" /><testcase classname="backend.tests.test_archivio_api.TestExportEndpoints" name="test_export_csv" time="0.042" /><testcase classname="backend.tests.test_archivio_api.TestExportEndpoints" name="test_backup" time="0.055" /></testsuite></testsuites>